PS C:\sinkronizacija\pd-mobilna\temp-project\android> java -version
java version "1.8.0_451"
Java(TM) SE Runtime Environment (build 1.8.0_451-b10)
Java HotSpot(TM) 64-Bit Server VM (build 25.451-b10, mixed mode)
PS C:\sinkronizacija\pd-mobilna\temp-project\android> .\gradlew assembleRelease

[Incubating] Problems report is available at: file:///C:/sinkronizacija/pd-mobilna/temp-project/android/build/reports/problems/problems-report.html

FAILURE: Build failed with an exception.

* Where:
Settings file 'C:\sinkronizacija\pd-mobilna\temp-project\android\settings.gradle' line: 21    

* What went wrong:
Error resolving plugin [id: 'com.facebook.react.settings']
> org.gradle.api.internal.catalog.GeneratedClassCompilationException: No Java compiler found, please ensure you are running Gradle with a JDK

* Try:
> Run with --stacktrace option to get the stack trace.
> Run with --info or --debug option to get more log output.
> Run with --scan to get full insights.
> Get more help at https://help.gradle.org.

Deprecated Gradle features were used in this build, making it incompatible with Gradle 9.0.   

You can use '--warning-mode all' to show the individual deprecation warnings and determine if they come from your own scripts or plugins.

For more on this, please refer to https://docs.gradle.org/8.13/userguide/command_line_interface.html#sec:command_line_warnings in the Gradle documentation.

BUILD FAILED in 3s
PS C:\sinkronizacija\pd-mobilna\temp-project\android> 